0 info it worked if it ends with ok
1 verbose cli [ '/Users/jameslynch/.nvm/versions/node/v6.9.5/bin/node',
1 verbose cli   '/Users/jameslynch/.nvm/versions/node/v6.9.5/bin/npm',
1 verbose cli   'run',
1 verbose cli   'run' ]
2 info using npm@3.10.10
3 info using node@v6.9.5
4 verbose run-script [ 'prerun', 'run', 'postrun' ]
5 info lifecycle instabot-nightmarejs@0.0.1~prerun: instabot-nightmarejs@0.0.1
6 silly lifecycle instabot-nightmarejs@0.0.1~prerun: no script for prerun, continuing
7 info lifecycle instabot-nightmarejs@0.0.1~run: instabot-nightmarejs@0.0.1
8 verbose lifecycle instabot-nightmarejs@0.0.1~run: unsafe-perm in lifecycle true
9 verbose lifecycle instabot-nightmarejs@0.0.1~run: PATH: /Users/jameslynch/.nvm/versions/node/v6.9.5/lib/node_modules/npm/bin/node-gyp-bin:/Users/jameslynch/Git-Projects/Instabot-NightmareJS/node_modules/.bin:/Users/jameslynch/Downloads/google-cloud-sdk/bin:/Users/jameslynch/.nvm/versions/node/v6.9.5/bin:/usr/local/bin:/usr/bin:/bin:/usr/sbin:/sbin:/opt/X11/bin:/usr/local/MacGPG2/bin
10 verbose lifecycle instabot-nightmarejs@0.0.1~run: CWD: /Users/jameslynch/Git-Projects/Instabot-NightmareJS
11 silly lifecycle instabot-nightmarejs@0.0.1~run: Args: [ '-c', 'mocha "**.test.js" --require co-mocha' ]
12 silly lifecycle instabot-nightmarejs@0.0.1~run: Returned: code: 1  signal: null
13 info lifecycle instabot-nightmarejs@0.0.1~run: Failed to exec run script
14 verbose stack Error: instabot-nightmarejs@0.0.1 run: `mocha "**.test.js" --require co-mocha`
14 verbose stack Exit status 1
14 verbose stack     at EventEmitter.<anonymous> (/Users/jameslynch/.nvm/versions/node/v6.9.5/lib/node_modules/npm/lib/utils/lifecycle.js:255:16)
14 verbose stack     at emitTwo (events.js:106:13)
14 verbose stack     at EventEmitter.emit (events.js:191:7)
14 verbose stack     at ChildProcess.<anonymous> (/Users/jameslynch/.nvm/versions/node/v6.9.5/lib/node_modules/npm/lib/utils/spawn.js:40:14)
14 verbose stack     at emitTwo (events.js:106:13)
14 verbose stack     at ChildProcess.emit (events.js:191:7)
14 verbose stack     at maybeClose (internal/child_process.js:877:16)
14 verbose stack     at Process.ChildProcess._handle.onexit (internal/child_process.js:226:5)
15 verbose pkgid instabot-nightmarejs@0.0.1
16 verbose cwd /Users/jameslynch/Git-Projects/Instabot-NightmareJS
17 error Darwin 17.4.0
18 error argv "/Users/jameslynch/.nvm/versions/node/v6.9.5/bin/node" "/Users/jameslynch/.nvm/versions/node/v6.9.5/bin/npm" "run" "run"
19 error node v6.9.5
20 error npm  v3.10.10
21 error code ELIFECYCLE
22 error instabot-nightmarejs@0.0.1 run: `mocha "**.test.js" --require co-mocha`
22 error Exit status 1
23 error Failed at the instabot-nightmarejs@0.0.1 run script 'mocha "**.test.js" --require co-mocha'.
23 error Make sure you have the latest version of node.js and npm installed.
23 error If you do, this is most likely a problem with the instabot-nightmarejs package,
23 error not with npm itself.
23 error Tell the author that this fails on your system:
23 error     mocha "**.test.js" --require co-mocha
23 error You can get information on how to open an issue for this project with:
23 error     npm bugs instabot-nightmarejs
23 error Or if that isn't available, you can get their info via:
23 error     npm owner ls instabot-nightmarejs
23 error There is likely additional logging output above.
24 verbose exit [ 1, true ]
